# JRE version: OpenJDK Runtime Environment (17.0.6) (build 17.0.6+0-b2043.56-10027231)
# Java VM: OpenJDK 64-Bit Server VM (17.0.6+0-b2043.56-10027231, mixed mode, tiered, compressed oops, compressed class ptrs, g1 gc, windows-amd64)
GC Precious Log:
 CPUs: 4 total, 4 available
 Memory: 16252M
 Large Page Support: Disabled
 NUMA Support: Disabled
 Compressed Oops: Enabled (32-bit)
 Heap Region Size: 1M
 Heap Min Capacity: 8M
 Heap Initial Capacity: 254M
 Heap Max Capacity: 2G
 Pre-touch: Disabled
 Parallel Workers: 4
 Concurrent Workers: 1
 Concurrent Refinement Workers: 4
 Periodic GC: Disabled
Heap:
 garbage-first heap   total 438272K, used 364544K [0x0000000080000000, 0x0000000100000000)
  region size 1024K, 3 young (3072K), 3 survivors (3072K)
 Metaspace       used 141394K, committed 142464K, reserved 1179648K
  class space    used 18598K, committed 19072K, reserved 1048576K
GC Heap History (20 events):
Event: 333.763 GC heap after
{Heap after GC invocations=54 (full 0):
 garbage-first heap   total 438272K, used 125781K [0x0000000080000000, 0x0000000100000000)
  region size 1024K, 16 young (16384K), 16 survivors (16384K)
 Metaspace       used 113275K, committed 114048K, reserved 1155072K
  class space    used 14969K, committed 15360K, reserved 1048576K
}
Event: 362.311 GC heap before
{Heap before GC invocations=54 (full 0):
 garbage-first heap   total 438272K, used 331605K [0x0000000080000000, 0x0000000100000000)
  region size 1024K, 218 young (223232K), 16 survivors (16384K)
 Metaspace       used 127265K, committed 128192K, reserved 1163264K
  class space    used 16956K, committed 17408K, reserved 1048576K
}
Event: 362.368 GC heap after
{Heap after GC invocations=55 (full 0):
 garbage-first heap   total 438272K, used 148782K [0x0000000080000000, 0x0000000100000000)
  region size 1024K, 28 young (28672K), 28 survivors (28672K)
 Metaspace       used 127265K, committed 128192K, reserved 1163264K
  class space    used 16956K, committed 17408K, reserved 1048576K
}
Event: 918.687 GC heap before
{Heap before GC invocations=55 (full 0):
 garbage-first heap   total 438272K, used 349486K [0x0000000080000000, 0x0000000100000000)
  region size 1024K, 206 young (210944K), 28 survivors (28672K)
 Metaspace       used 135581K, committed 136512K, reserved 1171456K
  class space    used 18140K, committed 18560K, reserved 1048576K
}
Event: 918.720 GC heap after
{Heap after GC invocations=56 (full 0):
 garbage-first heap   total 438272K, used 148813K [0x0000000080000000, 0x0000000100000000)
  region size 1024K, 8 young (8192K), 8 survivors (8192K)
 Metaspace       used 135581K, committed 136512K, reserved 1171456K
  class space    used 18140K, committed 18560K, reserved 1048576K
}
Event: 929.742 GC heap before
{Heap before GC invocations=56 (full 0):
 garbage-first heap   total 438272K, used 358733K [0x0000000080000000, 0x0000000100000000)
  region size 1024K, 197 young (201728K), 8 survivors (8192K)
 Metaspace       used 137390K, committed 138368K, reserved 1171456K
  class space    used 18299K, committed 18752K, reserved 1048576K
}
Event: 929.789 GC heap after
{Heap after GC invocations=57 (full 0):
 garbage-first heap   total 438272K, used 183296K [0x0000000080000000, 0x0000000100000000)
  region size 1024K, 25 young (25600K), 25 survivors (25600K)
 Metaspace       used 137390K, committed 138368K, reserved 1171456K
  class space    used 18299K, committed 18752K, reserved 1048576K
}
Event: 931.205 GC heap before
{Heap before GC invocations=57 (full 0):
 garbage-first heap   total 438272K, used 350208K [0x0000000080000000, 0x0000000100000000)
  region size 1024K, 172 young (176128K), 25 survivors (25600K)
 Metaspace       used 140442K, committed 141440K, reserved 1171456K
  class space    used 18536K, committed 19008K, reserved 1048576K
}
Event: 931.241 GC heap after
{Heap after GC invocations=58 (full 0):
 garbage-first heap   total 438272K, used 189952K [0x0000000080000000, 0x0000000100000000)
  region size 1024K, 6 young (6144K), 6 survivors (6144K)
 Metaspace       used 140442K, committed 141440K, reserved 1171456K
  class space    used 18536K, committed 19008K, reserved 1048576K
}
Event: 932.241 GC heap before
{Heap before GC invocations=58 (full 0):
 garbage-first heap   total 438272K, used 328192K [0x0000000080000000, 0x0000000100000000)
  region size 1024K, 80 young (81920K), 6 survivors (6144K)
 Metaspace       used 140881K, committed 141888K, reserved 1179648K
  class space    used 18581K, committed 19072K, reserved 1048576K
}
Event: 932.252 GC heap after
{Heap after GC invocations=59 (full 0):
 garbage-first heap   total 438272K, used 243062K [0x0000000080000000, 0x0000000100000000)
  region size 1024K, 14 young (14336K), 14 survivors (14336K)
 Metaspace       used 140881K, committed 141888K, reserved 1179648K
  class space    used 18581K, committed 19072K, reserved 1048576K
}
Event: 933.173 GC heap before
{Heap before GC invocations=59 (full 0):
 garbage-first heap   total 438272K, used 382326K [0x0000000080000000, 0x0000000100000000)
  region size 1024K, 120 young (122880K), 14 survivors (14336K)
 Metaspace       used 141153K, committed 142208K, reserved 1179648K
  class space    used 18597K, committed 19072K, reserved 1048576K
}
Event: 933.222 GC heap after
{Heap after GC invocations=60 (full 0):
 garbage-first heap   total 438272K, used 285696K [0x0000000080000000, 0x0000000100000000)
  region size 1024K, 15 young (15360K), 15 survivors (15360K)
 Metaspace       used 141153K, committed 142208K, reserved 1179648K
  class space    used 18597K, committed 19072K, reserved 1048576K
}
Event: 933.641 GC heap before
{Heap before GC invocations=60 (full 0):
 garbage-first heap   total 438272K, used 353280K [0x0000000080000000, 0x0000000100000000)
  region size 1024K, 80 young (81920K), 15 survivors (15360K)
 Metaspace       used 141380K, committed 142400K, reserved 1179648K
  class space    used 18598K, committed 19072K, reserved 1048576K
}
Event: 933.720 GC heap after
{Heap after GC invocations=61 (full 0):
 garbage-first heap   total 438272K, used 322048K [0x0000000080000000, 0x0000000100000000)
  region size 1024K, 10 young (10240K), 10 survivors (10240K)
 Metaspace       used 141380K, committed 142400K, reserved 1179648K
  class space    used 18598K, committed 19072K, reserved 1048576K
}
Event: 933.888 GC heap before
{Heap before GC invocations=61 (full 0):
 garbage-first heap   total 438272K, used 358912K [0x0000000080000000, 0x0000000100000000)
  region size 1024K, 46 young (47104K), 10 survivors (10240K)
 Metaspace       used 141390K, committed 142464K, reserved 1179648K
  class space    used 18598K, committed 19072K, reserved 1048576K
}
Event: 933.947 GC heap after
{Heap after GC invocations=62 (full 0):
 garbage-first heap   total 438272K, used 342016K [0x0000000080000000, 0x0000000100000000)
  region size 1024K, 6 young (6144K), 6 survivors (6144K)
 Metaspace       used 141390K, committed 142464K, reserved 1179648K
  class space    used 18598K, committed 19072K, reserved 1048576K
}
Event: 934.040 GC heap before
{Heap before GC invocations=62 (full 0):
 garbage-first heap   total 438272K, used 366592K [0x0000000080000000, 0x0000000100000000)
  region size 1024K, 30 young (30720K), 6 survivors (6144K)
 Metaspace       used 141393K, committed 142464K, reserved 1179648K
  class space    used 18598K, committed 19072K, reserved 1048576K
}
Event: 934.079 GC heap after
{Heap after GC invocations=63 (full 0):
 garbage-first heap   total 438272K, used 355328K [0x0000000080000000, 0x0000000100000000)
  region size 1024K, 4 young (4096K), 4 survivors (4096K)
 Metaspace       used 141393K, committed 142464K, reserved 1179648K
  class space    used 18598K, committed 19072K, reserved 1048576K
}
Event: 934.163 GC heap before
{Heap before GC invocations=63 (full 0):
 garbage-first heap   total 438272K, used 371712K [0x0000000080000000, 0x0000000100000000)
  region size 1024K, 21 young (21504K), 4 survivors (4096K)
 Metaspace       used 141394K, committed 142464K, reserved 1179648K
  class space    used 18598K, committed 19072K, reserved 1048576K
}

