# JRE version: OpenJDK Runtime Environment (17.0.6) (build 17.0.6+0-b2043.56-10027231)
# Java VM: OpenJDK 64-Bit Server VM (17.0.6+0-b2043.56-10027231, mixed mode, tiered, compressed oops, compressed class ptrs, g1 gc, windows-amd64)
GC Precious Log:
 CPUs: 4 total, 4 available
 Memory: 16252M
 Large Page Support: Disabled
 NUMA Support: Disabled
 Compressed Oops: Enabled (32-bit)
 Heap Region Size: 1M
 Heap Min Capacity: 8M
 Heap Initial Capacity: 254M
 Heap Max Capacity: 2G
 Pre-touch: Disabled
 Parallel Workers: 4
 Concurrent Workers: 1
 Concurrent Refinement Workers: 4
 Periodic GC: Disabled
Heap:
 garbage-first heap   total 533504K, used 334204K [0x0000000080000000, 0x0000000100000000)
  region size 1024K, 128 young (131072K), 7 survivors (7168K)
 Metaspace       used 119151K, committed 119936K, reserved 1155072K
  class space    used 15675K, committed 16064K, reserved 1048576K
GC Heap History (20 events):
Event: 29.661 GC heap before
{Heap before GC invocations=38 (full 0):
 garbage-first heap   total 243712K, used 180736K [0x0000000080000000, 0x0000000100000000)
  region size 1024K, 73 young (74752K), 7 survivors (7168K)
 Metaspace       used 105163K, committed 105984K, reserved 1146880K
  class space    used 14056K, committed 14464K, reserved 1048576K
}
Event: 29.690 GC heap after
{Heap after GC invocations=39 (full 0):
 garbage-first heap   total 243712K, used 128512K [0x0000000080000000, 0x0000000100000000)
  region size 1024K, 12 young (12288K), 12 survivors (12288K)
 Metaspace       used 105163K, committed 105984K, reserved 1146880K
  class space    used 14056K, committed 14464K, reserved 1048576K
}
Event: 31.511 GC heap before
{Heap before GC invocations=40 (full 0):
 garbage-first heap   total 243712K, used 206336K [0x0000000080000000, 0x0000000100000000)
  region size 1024K, 68 young (69632K), 12 survivors (12288K)
 Metaspace       used 105790K, committed 106624K, reserved 1146880K
  class space    used 14105K, committed 14528K, reserved 1048576K
}
Event: 31.533 GC heap after
{Heap after GC invocations=41 (full 0):
 garbage-first heap   total 243712K, used 135680K [0x0000000080000000, 0x0000000100000000)
  region size 1024K, 8 young (8192K), 8 survivors (8192K)
 Metaspace       used 105790K, committed 106624K, reserved 1146880K
  class space    used 14105K, committed 14528K, reserved 1048576K
}
Event: 31.550 GC heap before
{Heap before GC invocations=41 (full 0):
 garbage-first heap   total 243712K, used 138752K [0x0000000080000000, 0x0000000100000000)
  region size 1024K, 11 young (11264K), 8 survivors (8192K)
 Metaspace       used 105791K, committed 106624K, reserved 1146880K
  class space    used 14105K, committed 14528K, reserved 1048576K
}
Event: 31.570 GC heap after
{Heap after GC invocations=42 (full 0):
 garbage-first heap   total 243712K, used 136449K [0x0000000080000000, 0x0000000100000000)
  region size 1024K, 2 young (2048K), 2 survivors (2048K)
 Metaspace       used 105791K, committed 106624K, reserved 1146880K
  class space    used 14105K, committed 14528K, reserved 1048576K
}
Event: 32.458 GC heap before
{Heap before GC invocations=42 (full 0):
 garbage-first heap   total 243712K, used 188673K [0x0000000080000000, 0x0000000100000000)
  region size 1024K, 54 young (55296K), 2 survivors (2048K)
 Metaspace       used 109206K, committed 109952K, reserved 1146880K
  class space    used 14385K, committed 14720K, reserved 1048576K
}
Event: 32.469 GC heap after
{Heap after GC invocations=43 (full 0):
 garbage-first heap   total 243712K, used 143183K [0x0000000080000000, 0x0000000100000000)
  region size 1024K, 7 young (7168K), 7 survivors (7168K)
 Metaspace       used 109206K, committed 109952K, reserved 1146880K
  class space    used 14385K, committed 14720K, reserved 1048576K
}
Event: 33.204 GC heap before
{Heap before GC invocations=44 (full 0):
 garbage-first heap   total 243712K, used 174927K [0x0000000080000000, 0x0000000100000000)
  region size 1024K, 56 young (57344K), 7 survivors (7168K)
 Metaspace       used 109752K, committed 110528K, reserved 1146880K
  class space    used 14429K, committed 14784K, reserved 1048576K
}
Event: 33.213 GC heap after
{Heap after GC invocations=45 (full 0):
 garbage-first heap   total 243712K, used 125997K [0x0000000080000000, 0x0000000100000000)
  region size 1024K, 2 young (2048K), 2 survivors (2048K)
 Metaspace       used 109752K, committed 110528K, reserved 1146880K
  class space    used 14429K, committed 14784K, reserved 1048576K
}
Event: 33.303 GC heap before
{Heap before GC invocations=45 (full 0):
 garbage-first heap   total 243712K, used 134189K [0x0000000080000000, 0x0000000100000000)
  region size 1024K, 11 young (11264K), 2 survivors (2048K)
 Metaspace       used 110174K, committed 110976K, reserved 1146880K
  class space    used 14467K, committed 14848K, reserved 1048576K
}
Event: 33.307 GC heap after
{Heap after GC invocations=46 (full 0):
 garbage-first heap   total 243712K, used 120754K [0x0000000080000000, 0x0000000100000000)
  region size 1024K, 1 young (1024K), 1 survivors (1024K)
 Metaspace       used 110174K, committed 110976K, reserved 1146880K
  class space    used 14467K, committed 14848K, reserved 1048576K
}
Event: 34.264 GC heap before
{Heap before GC invocations=46 (full 0):
 garbage-first heap   total 243712K, used 188338K [0x0000000080000000, 0x0000000100000000)
  region size 1024K, 68 young (69632K), 1 survivors (1024K)
 Metaspace       used 111778K, committed 112576K, reserved 1146880K
  class space    used 14655K, committed 14976K, reserved 1048576K
}
Event: 34.269 GC heap after
{Heap after GC invocations=47 (full 0):
 garbage-first heap   total 243712K, used 122284K [0x0000000080000000, 0x0000000100000000)
  region size 1024K, 2 young (2048K), 2 survivors (2048K)
 Metaspace       used 111778K, committed 112576K, reserved 1146880K
  class space    used 14655K, committed 14976K, reserved 1048576K
}
Event: 35.233 GC heap before
{Heap before GC invocations=47 (full 0):
 garbage-first heap   total 243712K, used 192940K [0x0000000080000000, 0x0000000100000000)
  region size 1024K, 72 young (73728K), 2 survivors (2048K)
 Metaspace       used 113107K, committed 113920K, reserved 1155072K
  class space    used 14818K, committed 15232K, reserved 1048576K
}
Event: 35.241 GC heap after
{Heap after GC invocations=48 (full 0):
 garbage-first heap   total 243712K, used 126608K [0x0000000080000000, 0x0000000100000000)
  region size 1024K, 7 young (7168K), 7 survivors (7168K)
 Metaspace       used 113107K, committed 113920K, reserved 1155072K
  class space    used 14818K, committed 15232K, reserved 1048576K
}
Event: 35.913 GC heap before
{Heap before GC invocations=48 (full 0):
 garbage-first heap   total 243712K, used 219792K [0x0000000080000000, 0x0000000100000000)
  region size 1024K, 74 young (75776K), 7 survivors (7168K)
 Metaspace       used 116324K, committed 117184K, reserved 1155072K
  class space    used 15256K, committed 15680K, reserved 1048576K
}
Event: 35.927 GC heap after
{Heap after GC invocations=49 (full 0):
 garbage-first heap   total 243712K, used 164853K [0x0000000080000000, 0x0000000100000000)
  region size 1024K, 10 young (10240K), 10 survivors (10240K)
 Metaspace       used 116324K, committed 117184K, reserved 1155072K
  class space    used 15256K, committed 15680K, reserved 1048576K
}
Event: 36.066 GC heap before
{Heap before GC invocations=49 (full 0):
 garbage-first heap   total 243712K, used 228341K [0x0000000080000000, 0x0000000100000000)
  region size 1024K, 29 young (29696K), 10 survivors (10240K)
 Metaspace       used 116751K, committed 117632K, reserved 1155072K
  class space    used 15316K, committed 15744K, reserved 1048576K
}
Event: 36.080 GC heap after
{Heap after GC invocations=50 (full 0):
 garbage-first heap   total 533504K, used 187772K [0x0000000080000000, 0x0000000100000000)
  region size 1024K, 7 young (7168K), 7 survivors (7168K)
 Metaspace       used 116751K, committed 117632K, reserved 1155072K
  class space    used 15316K, committed 15744K, reserved 1048576K
}

